Determining if the pthread_create exist failed with the following output:
Change Dir: /home/arktheshadow/ARK-Linux/Programming/ROS/CMU-PS/cmu-airlab-ps/stereo_catkin_ws_airlab/build/CMakeFiles/CMakeTmp

Run Build Command:"/usr/bin/make" "cmTC_4e0ea/fast"
/usr/bin/make -f CMakeFiles/cmTC_4e0ea.dir/build.make CMakeFiles/cmTC_4e0ea.dir/build
make[1]: Entering directory '/home/arktheshadow/ARK-Linux/Programming/ROS/CMU-PS/cmu-airlab-ps/stereo_catkin_ws_airlab/build/CMakeFiles/CMakeTmp'
Building C object CMakeFiles/cmTC_4e0ea.dir/CheckSymbolExists.c.o
/usr/bin/cc     -o CMakeFiles/cmTC_4e0ea.dir/CheckSymbolExists.c.o   -c /home/arktheshadow/ARK-Linux/Programming/ROS/CMU-PS/cmu-airlab-ps/stereo_catkin_ws_airlab/build/CMakeFiles/CMakeTmp/CheckSymbolExists.c
Linking C executable cmTC_4e0ea
/usr/bin/cmake -E cmake_link_script CMakeFiles/cmTC_4e0ea.dir/link.txt --verbose=1
/usr/bin/cc       CMakeFiles/cmTC_4e0ea.dir/CheckSymbolExists.c.o  -o cmTC_4e0ea -rdynamic 
CMakeFiles/cmTC_4e0ea.dir/CheckSymbolExists.c.o: In function `main':
CheckSymbolExists.c:(.text+0x16): undefined reference to `pthread_create'
collect2: error: ld returned 1 exit status
CMakeFiles/cmTC_4e0ea.dir/build.make:97: recipe for target 'cmTC_4e0ea' failed
make[1]: *** [cmTC_4e0ea] Error 1
make[1]: Leaving directory '/home/arktheshadow/ARK-Linux/Programming/ROS/CMU-PS/cmu-airlab-ps/stereo_catkin_ws_airlab/build/CMakeFiles/CMakeTmp'
Makefile:126: recipe for target 'cmTC_4e0ea/fast' failed
make: *** [cmTC_4e0ea/fast] Error 2

File /home/arktheshadow/ARK-Linux/Programming/ROS/CMU-PS/cmu-airlab-ps/stereo_catkin_ws_airlab/build/CMakeFiles/CMakeTmp/CheckSymbolExists.c:
/* */
#include <pthread.h>

int main(int argc, char** argv)
{
  (void)argv;
#ifndef pthread_create
  return ((int*)(&pthread_create))[argc];
#else
  (void)argc;
  return 0;
#endif
}

Determining if the function pthread_create exists in the pthreads failed with the following output:
Change Dir: /home/arktheshadow/ARK-Linux/Programming/ROS/CMU-PS/cmu-airlab-ps/stereo_catkin_ws_airlab/build/CMakeFiles/CMakeTmp

Run Build Command:"/usr/bin/make" "cmTC_247a3/fast"
/usr/bin/make -f CMakeFiles/cmTC_247a3.dir/build.make CMakeFiles/cmTC_247a3.dir/build
make[1]: Entering directory '/home/arktheshadow/ARK-Linux/Programming/ROS/CMU-PS/cmu-airlab-ps/stereo_catkin_ws_airlab/build/CMakeFiles/CMakeTmp'
Building C object CMakeFiles/cmTC_247a3.dir/CheckFunctionExists.c.o
/usr/bin/cc    -DCHECK_FUNCTION_EXISTS=pthread_create   -o CMakeFiles/cmTC_247a3.dir/CheckFunctionExists.c.o   -c /usr/share/cmake-3.5/Modules/CheckFunctionExists.c
Linking C executable cmTC_247a3
/usr/bin/cmake -E cmake_link_script CMakeFiles/cmTC_247a3.dir/link.txt --verbose=1
/usr/bin/cc   -DCHECK_FUNCTION_EXISTS=pthread_create    CMakeFiles/cmTC_247a3.dir/CheckFunctionExists.c.o  -o cmTC_247a3 -rdynamic -lpthreads 
/usr/bin/ld: cannot find -lpthreads
collect2: error: ld returned 1 exit status
CMakeFiles/cmTC_247a3.dir/build.make:97: recipe for target 'cmTC_247a3' failed
make[1]: *** [cmTC_247a3] Error 1
make[1]: Leaving directory '/home/arktheshadow/ARK-Linux/Programming/ROS/CMU-PS/cmu-airlab-ps/stereo_catkin_ws_airlab/build/CMakeFiles/CMakeTmp'
Makefile:126: recipe for target 'cmTC_247a3/fast' failed
make: *** [cmTC_247a3/fast] Error 2


